<?xml version="1.0" encoding="UTF-8"?>
<!-- Generated by org.testng.reporters.JUnitReportReporter -->
<testsuite name="testing.NewTest" tests="1" time="2.840" ignored="0" failures="0" timestamp="29 Oct 2021 21:38:37 GMT" skipped="0" hostname="seleniumdev" errors="0">
  <testcase name="testEasy" time="2.840" classname="testing.NewTest"/>
</testsuite> <!-- testing.NewTest -->
